# JRE version: OpenJDK Runtime Environment (21.0.5) (build 21.0.5+-12932927-b750.29)
# Java VM: OpenJDK 64-Bit Server VM (21.0.5+-12932927-b750.29, mixed mode, tiered, compressed oops, compressed class ptrs, g1 gc, windows-amd64)
GC Precious Log:
 CardTable entry size: 512
 Card Set container configuration: InlinePtr #cards 5 size 8 Array Of Cards #cards 12 size 40 Howl #buckets 4 coarsen threshold 1843 Howl Bitmap #cards 512 size 80 coarsen threshold 460 Card regions per heap region 1 cards per card region 2048
 CPUs: 16 total, 16 available
 Memory: 16087M
 Large Page Support: Disabled
 NUMA Support: Disabled
 Compressed Oops: Enabled (32-bit)
 Heap Region Size: 1M
 Heap Min Capacity: 8M
 Heap Initial Capacity: 252M
 Heap Max Capacity: 2G
 Pre-touch: Disabled
 Parallel Workers: 13
 Concurrent Workers: 3
 Concurrent Refinement Workers: 13
 Periodic GC: Disabled
Heap:
 garbage-first heap   total 384000K, used 238382K [0x0000000080000000, 0x0000000100000000)
  region size 1024K, 17 young (17408K), 14 survivors (14336K)
 Metaspace       used 157748K, committed 160640K, reserved 1245184K
  class space    used 21605K, committed 22912K, reserved 1048576K
GC Heap History (20 events):
Event: 19.709 GC heap before
{Heap before GC invocations=50 (full 0):
 garbage-first heap   total 222208K, used 180377K [0x0000000080000000, 0x0000000100000000)
  region size 1024K, 53 young (54272K), 5 survivors (5120K)
 Metaspace       used 121015K, committed 123264K, reserved 1179648K
  class space    used 16405K, committed 17536K, reserved 1048576K
}
Event: 19.717 GC heap after
{Heap after GC invocations=51 (full 0):
 garbage-first heap   total 222208K, used 133738K [0x0000000080000000, 0x0000000100000000)
  region size 1024K, 4 young (4096K), 4 survivors (4096K)
 Metaspace       used 121015K, committed 123264K, reserved 1179648K
  class space    used 16405K, committed 17536K, reserved 1048576K
}
Event: 95.025 GC heap before
{Heap before GC invocations=51 (full 0):
 garbage-first heap   total 222208K, used 202346K [0x0000000080000000, 0x0000000100000000)
  region size 1024K, 72 young (73728K), 4 survivors (4096K)
 Metaspace       used 122225K, committed 124480K, reserved 1179648K
  class space    used 16583K, committed 17728K, reserved 1048576K
}
Event: 95.030 GC heap after
{Heap after GC invocations=52 (full 0):
 garbage-first heap   total 335872K, used 133936K [0x0000000080000000, 0x0000000100000000)
  region size 1024K, 6 young (6144K), 6 survivors (6144K)
 Metaspace       used 122225K, committed 124480K, reserved 1179648K
  class space    used 16583K, committed 17728K, reserved 1048576K
}
Event: 95.744 GC heap before
{Heap before GC invocations=52 (full 0):
 garbage-first heap   total 335872K, used 253744K [0x0000000080000000, 0x0000000100000000)
  region size 1024K, 125 young (128000K), 6 survivors (6144K)
 Metaspace       used 122858K, committed 125120K, reserved 1179648K
  class space    used 16585K, committed 17728K, reserved 1048576K
}
Event: 95.752 GC heap after
{Heap after GC invocations=53 (full 0):
 garbage-first heap   total 335872K, used 148833K [0x0000000080000000, 0x0000000100000000)
  region size 1024K, 21 young (21504K), 21 survivors (21504K)
 Metaspace       used 122858K, committed 125120K, reserved 1179648K
  class space    used 16585K, committed 17728K, reserved 1048576K
}
Event: 96.989 GC heap before
{Heap before GC invocations=54 (full 0):
 garbage-first heap   total 335872K, used 299361K [0x0000000080000000, 0x0000000100000000)
  region size 1024K, 163 young (166912K), 21 survivors (21504K)
 Metaspace       used 127906K, committed 130304K, reserved 1179648K
  class space    used 17222K, committed 18432K, reserved 1048576K
}
Event: 96.996 GC heap after
{Heap after GC invocations=55 (full 0):
 garbage-first heap   total 335872K, used 155406K [0x0000000080000000, 0x0000000100000000)
  region size 1024K, 8 young (8192K), 8 survivors (8192K)
 Metaspace       used 127906K, committed 130304K, reserved 1179648K
  class space    used 17222K, committed 18432K, reserved 1048576K
}
Event: 97.956 GC heap before
{Heap before GC invocations=55 (full 0):
 garbage-first heap   total 335872K, used 296718K [0x0000000080000000, 0x0000000100000000)
  region size 1024K, 147 young (150528K), 8 survivors (8192K)
 Metaspace       used 143792K, committed 146176K, reserved 1179648K
  class space    used 19839K, committed 21056K, reserved 1048576K
}
Event: 97.966 GC heap after
{Heap after GC invocations=56 (full 0):
 garbage-first heap   total 335872K, used 155618K [0x0000000080000000, 0x0000000100000000)
  region size 1024K, 12 young (12288K), 12 survivors (12288K)
 Metaspace       used 143792K, committed 146176K, reserved 1179648K
  class space    used 19839K, committed 21056K, reserved 1048576K
}
Event: 99.152 GC heap before
{Heap before GC invocations=56 (full 0):
 garbage-first heap   total 335872K, used 255970K [0x0000000080000000, 0x0000000100000000)
  region size 1024K, 112 young (114688K), 12 survivors (12288K)
 Metaspace       used 151778K, committed 154240K, reserved 1245184K
  class space    used 21097K, committed 22336K, reserved 1048576K
}
Event: 99.159 GC heap after
{Heap after GC invocations=57 (full 0):
 garbage-first heap   total 335872K, used 155529K [0x0000000080000000, 0x0000000100000000)
  region size 1024K, 12 young (12288K), 12 survivors (12288K)
 Metaspace       used 151778K, committed 154240K, reserved 1245184K
  class space    used 21097K, committed 22336K, reserved 1048576K
}
Event: 245.779 GC heap before
{Heap before GC invocations=58 (full 0):
 garbage-first heap   total 335872K, used 333705K [0x0000000080000000, 0x0000000100000000)
  region size 1024K, 157 young (160768K), 12 survivors (12288K)
 Metaspace       used 152322K, committed 154752K, reserved 1245184K
  class space    used 21130K, committed 22336K, reserved 1048576K
}
Event: 245.790 GC heap after
{Heap after GC invocations=59 (full 0):
 garbage-first heap   total 358400K, used 166665K [0x0000000080000000, 0x0000000100000000)
  region size 1024K, 20 young (20480K), 20 survivors (20480K)
 Metaspace       used 152322K, committed 154752K, reserved 1245184K
  class space    used 21130K, committed 22336K, reserved 1048576K
}
Event: 261.885 GC heap before
{Heap before GC invocations=59 (full 0):
 garbage-first heap   total 358400K, used 355081K [0x0000000080000000, 0x0000000100000000)
  region size 1024K, 169 young (173056K), 20 survivors (20480K)
 Metaspace       used 153396K, committed 155840K, reserved 1245184K
  class space    used 21152K, committed 22400K, reserved 1048576K
}
Event: 261.910 GC heap after
{Heap after GC invocations=60 (full 0):
 garbage-first heap   total 384000K, used 173596K [0x0000000080000000, 0x0000000100000000)
  region size 1024K, 7 young (7168K), 7 survivors (7168K)
 Metaspace       used 153396K, committed 155840K, reserved 1245184K
  class space    used 21152K, committed 22400K, reserved 1048576K
}
Event: 361.838 GC heap before
{Heap before GC invocations=60 (full 0):
 garbage-first heap   total 384000K, used 335388K [0x0000000080000000, 0x0000000100000000)
  region size 1024K, 163 young (166912K), 7 survivors (7168K)
 Metaspace       used 155473K, committed 158016K, reserved 1245184K
  class space    used 21357K, committed 22656K, reserved 1048576K
}
Event: 361.849 GC heap after
{Heap after GC invocations=61 (full 0):
 garbage-first heap   total 384000K, used 198566K [0x0000000080000000, 0x0000000100000000)
  region size 1024K, 21 young (21504K), 21 survivors (21504K)
 Metaspace       used 155473K, committed 158016K, reserved 1245184K
  class space    used 21357K, committed 22656K, reserved 1048576K
}
Event: 362.080 GC heap before
{Heap before GC invocations=61 (full 0):
 garbage-first heap   total 384000K, used 227238K [0x0000000080000000, 0x0000000100000000)
  region size 1024K, 51 young (52224K), 21 survivors (21504K)
 Metaspace       used 158146K, committed 160640K, reserved 1245184K
  class space    used 21655K, committed 22912K, reserved 1048576K
}
Event: 362.090 GC heap after
{Heap after GC invocations=62 (full 0):
 garbage-first heap   total 384000K, used 213806K [0x0000000080000000, 0x0000000100000000)
  region size 1024K, 14 young (14336K), 14 survivors (14336K)
 Metaspace       used 158146K, committed 160640K, reserved 1245184K
  class space    used 21655K, committed 22912K, reserved 1048576K
}

