# JRE version: OpenJDK Runtime Environment (21.0.5) (build 21.0.5+-12932927-b750.29)
# Java VM: OpenJDK 64-Bit Server VM (21.0.5+-12932927-b750.29, mixed mode, tiered, compressed oops, compressed class ptrs, g1 gc, windows-amd64)
GC Precious Log:
 CardTable entry size: 512
 Card Set container configuration: InlinePtr #cards 5 size 8 Array Of Cards #cards 12 size 40 Howl #buckets 4 coarsen threshold 1843 Howl Bitmap #cards 512 size 80 coarsen threshold 460 Card regions per heap region 1 cards per card region 2048
 CPUs: 16 total, 16 available
 Memory: 16087M
 Large Page Support: Disabled
 NUMA Support: Disabled
 Compressed Oops: Enabled (32-bit)
 Heap Region Size: 1M
 Heap Min Capacity: 8M
 Heap Initial Capacity: 252M
 Heap Max Capacity: 2G
 Pre-touch: Disabled
 Parallel Workers: 13
 Concurrent Workers: 3
 Concurrent Refinement Workers: 13
 Periodic GC: Disabled
Heap:
 garbage-first heap   total 422912K, used 372517K [0x0000000080000000, 0x0000000100000000)
  region size 1024K, 158 young (161792K), 15 survivors (15360K)
 Metaspace       used 164330K, committed 166848K, reserved 1245184K
  class space    used 21355K, committed 22656K, reserved 1048576K
GC Heap History (20 events):
Event: 435.923 GC heap before
{Heap before GC invocations=70 (full 0):
 garbage-first heap   total 368640K, used 177758K [0x0000000080000000, 0x0000000100000000)
  region size 1024K, 13 young (13312K), 12 survivors (12288K)
 Metaspace       used 162438K, committed 164992K, reserved 1245184K
  class space    used 21307K, committed 22592K, reserved 1048576K
}
Event: 435.926 GC heap after
{Heap after GC invocations=71 (full 0):
 garbage-first heap   total 368640K, used 174420K [0x0000000080000000, 0x0000000100000000)
  region size 1024K, 1 young (1024K), 1 survivors (1024K)
 Metaspace       used 162438K, committed 164992K, reserved 1245184K
  class space    used 21307K, committed 22592K, reserved 1048576K
}
Event: 568.242 GC heap before
{Heap before GC invocations=72 (full 0):
 garbage-first heap   total 370688K, used 368980K [0x0000000080000000, 0x0000000100000000)
  region size 1024K, 156 young (159744K), 1 survivors (1024K)
 Metaspace       used 162501K, committed 164992K, reserved 1245184K
  class space    used 21289K, committed 22592K, reserved 1048576K
}
Event: 568.249 GC heap after
{Heap after GC invocations=73 (full 0):
 garbage-first heap   total 387072K, used 190180K [0x0000000080000000, 0x0000000100000000)
  region size 1024K, 16 young (16384K), 16 survivors (16384K)
 Metaspace       used 162501K, committed 164992K, reserved 1245184K
  class space    used 21289K, committed 22592K, reserved 1048576K
}
Event: 608.059 GC heap before
{Heap before GC invocations=73 (full 0):
 garbage-first heap   total 387072K, used 352996K [0x0000000080000000, 0x0000000100000000)
  region size 1024K, 172 young (176128K), 16 survivors (16384K)
 Metaspace       used 163422K, committed 165952K, reserved 1245184K
  class space    used 21377K, committed 22656K, reserved 1048576K
}
Event: 608.070 GC heap after
{Heap after GC invocations=74 (full 0):
 garbage-first heap   total 387072K, used 185848K [0x0000000080000000, 0x0000000100000000)
  region size 1024K, 12 young (12288K), 12 survivors (12288K)
 Metaspace       used 163422K, committed 165952K, reserved 1245184K
  class space    used 21377K, committed 22656K, reserved 1048576K
}
Event: 608.700 GC heap before
{Heap before GC invocations=74 (full 0):
 garbage-first heap   total 387072K, used 240120K [0x0000000080000000, 0x0000000100000000)
  region size 1024K, 66 young (67584K), 12 survivors (12288K)
 Metaspace       used 163461K, committed 166016K, reserved 1245184K
  class space    used 21378K, committed 22656K, reserved 1048576K
}
Event: 608.710 GC heap after
{Heap after GC invocations=75 (full 0):
 garbage-first heap   total 387072K, used 188215K [0x0000000080000000, 0x0000000100000000)
  region size 1024K, 17 young (17408K), 17 survivors (17408K)
 Metaspace       used 163461K, committed 166016K, reserved 1245184K
  class space    used 21378K, committed 22656K, reserved 1048576K
}
Event: 610.179 GC heap before
{Heap before GC invocations=76 (full 0):
 garbage-first heap   total 387072K, used 338743K [0x0000000080000000, 0x0000000100000000)
  region size 1024K, 161 young (164864K), 17 survivors (17408K)
 Metaspace       used 163977K, committed 166464K, reserved 1245184K
  class space    used 21378K, committed 22656K, reserved 1048576K
}
Event: 610.190 GC heap after
{Heap after GC invocations=77 (full 0):
 garbage-first heap   total 387072K, used 189425K [0x0000000080000000, 0x0000000100000000)
  region size 1024K, 11 young (11264K), 11 survivors (11264K)
 Metaspace       used 163977K, committed 166464K, reserved 1245184K
  class space    used 21378K, committed 22656K, reserved 1048576K
}
Event: 711.370 GC heap before
{Heap before GC invocations=77 (full 0):
 garbage-first heap   total 387072K, used 373745K [0x0000000080000000, 0x0000000100000000)
  region size 1024K, 159 young (162816K), 11 survivors (11264K)
 Metaspace       used 164155K, committed 166656K, reserved 1245184K
  class space    used 21381K, committed 22656K, reserved 1048576K
}
Event: 711.385 GC heap after
{Heap after GC invocations=78 (full 0):
 garbage-first heap   total 422912K, used 200329K [0x0000000080000000, 0x0000000100000000)
  region size 1024K, 20 young (20480K), 20 survivors (20480K)
 Metaspace       used 164155K, committed 166656K, reserved 1245184K
  class space    used 21381K, committed 22656K, reserved 1048576K
}
Event: 711.959 GC heap before
{Heap before GC invocations=78 (full 0):
 garbage-first heap   total 422912K, used 227977K [0x0000000080000000, 0x0000000100000000)
  region size 1024K, 48 young (49152K), 20 survivors (20480K)
 Metaspace       used 164202K, committed 166720K, reserved 1245184K
  class space    used 21382K, committed 22656K, reserved 1048576K
}
Event: 711.967 GC heap after
{Heap after GC invocations=79 (full 0):
 garbage-first heap   total 422912K, used 215855K [0x0000000080000000, 0x0000000100000000)
  region size 1024K, 13 young (13312K), 13 survivors (13312K)
 Metaspace       used 164202K, committed 166720K, reserved 1245184K
  class space    used 21382K, committed 22656K, reserved 1048576K
}
Event: 744.905 GC heap before
{Heap before GC invocations=80 (full 0):
 garbage-first heap   total 422912K, used 404271K [0x0000000080000000, 0x0000000100000000)
  region size 1024K, 150 young (153600K), 13 survivors (13312K)
 Metaspace       used 164117K, committed 166656K, reserved 1245184K
  class space    used 21361K, committed 22656K, reserved 1048576K
}
Event: 744.912 GC heap after
{Heap after GC invocations=81 (full 0):
 garbage-first heap   total 422912K, used 204847K [0x0000000080000000, 0x0000000100000000)
  region size 1024K, 6 young (6144K), 6 survivors (6144K)
 Metaspace       used 164117K, committed 166656K, reserved 1245184K
  class space    used 21361K, committed 22656K, reserved 1048576K
}
Event: 745.991 GC heap before
{Heap before GC invocations=81 (full 0):
 garbage-first heap   total 422912K, used 390191K [0x0000000080000000, 0x0000000100000000)
  region size 1024K, 160 young (163840K), 6 survivors (6144K)
 Metaspace       used 164357K, committed 166848K, reserved 1245184K
  class space    used 21371K, committed 22656K, reserved 1048576K
}
Event: 746.000 GC heap after
{Heap after GC invocations=82 (full 0):
 garbage-first heap   total 422912K, used 206741K [0x0000000080000000, 0x0000000100000000)
  region size 1024K, 16 young (16384K), 16 survivors (16384K)
 Metaspace       used 164357K, committed 166848K, reserved 1245184K
  class space    used 21371K, committed 22656K, reserved 1048576K
}
Event: 747.428 GC heap before
{Heap before GC invocations=82 (full 0):
 garbage-first heap   total 422912K, used 266133K [0x0000000080000000, 0x0000000100000000)
  region size 1024K, 76 young (77824K), 16 survivors (16384K)
 Metaspace       used 164430K, committed 166912K, reserved 1245184K
  class space    used 21371K, committed 22656K, reserved 1048576K
}
Event: 747.438 GC heap after
{Heap after GC invocations=83 (full 0):
 garbage-first heap   total 422912K, used 210725K [0x0000000080000000, 0x0000000100000000)
  region size 1024K, 15 young (15360K), 15 survivors (15360K)
 Metaspace       used 164430K, committed 166912K, reserved 1245184K
  class space    used 21371K, committed 22656K, reserved 1048576K
}

