# JRE version: OpenJDK Runtime Environment (21.0.5) (build 21.0.5+-12932927-b750.29)
# Java VM: OpenJDK 64-Bit Server VM (21.0.5+-12932927-b750.29, mixed mode, tiered, compressed oops, compressed class ptrs, g1 gc, windows-amd64)
GC Precious Log:
 CardTable entry size: 512
 Card Set container configuration: InlinePtr #cards 5 size 8 Array Of Cards #cards 12 size 40 Howl #buckets 4 coarsen threshold 1843 Howl Bitmap #cards 512 size 80 coarsen threshold 460 Card regions per heap region 1 cards per card region 2048
 CPUs: 16 total, 16 available
 Memory: 16087M
 Large Page Support: Disabled
 NUMA Support: Disabled
 Compressed Oops: Enabled (32-bit)
 Heap Region Size: 1M
 Heap Min Capacity: 8M
 Heap Initial Capacity: 252M
 Heap Max Capacity: 2G
 Pre-touch: Disabled
 Parallel Workers: 13
 Concurrent Workers: 3
 Concurrent Refinement Workers: 13
 Periodic GC: Disabled
Heap:
 garbage-first heap   total 373760K, used 323730K [0x0000000080000000, 0x0000000100000000)
  region size 1024K, 126 young (129024K), 19 survivors (19456K)
 Metaspace       used 163880K, committed 166400K, reserved 1245184K
  class space    used 22021K, committed 23296K, reserved 1048576K
GC Heap History (20 events):
Event: 19.695 GC heap before
{Heap before GC invocations=48 (full 0):
 garbage-first heap   total 334848K, used 289792K [0x0000000080000000, 0x0000000100000000)
  region size 1024K, 152 young (155648K), 22 survivors (22528K)
 Metaspace       used 136579K, committed 138880K, reserved 1179648K
  class space    used 18038K, committed 19200K, reserved 1048576K
}
Event: 19.710 GC heap after
{Heap after GC invocations=49 (full 0):
 garbage-first heap   total 334848K, used 163583K [0x0000000080000000, 0x0000000100000000)
  region size 1024K, 18 young (18432K), 18 survivors (18432K)
 Metaspace       used 136579K, committed 138880K, reserved 1179648K
  class space    used 18038K, committed 19200K, reserved 1048576K
}
Event: 20.805 GC heap before
{Heap before GC invocations=49 (full 0):
 garbage-first heap   total 334848K, used 288511K [0x0000000080000000, 0x0000000100000000)
  region size 1024K, 141 young (144384K), 18 survivors (18432K)
 Metaspace       used 148681K, committed 151104K, reserved 1179648K
  class space    used 20034K, committed 21248K, reserved 1048576K
}
Event: 20.825 GC heap after
{Heap after GC invocations=50 (full 0):
 garbage-first heap   total 334848K, used 176877K [0x0000000080000000, 0x0000000100000000)
  region size 1024K, 15 young (15360K), 15 survivors (15360K)
 Metaspace       used 148681K, committed 151104K, reserved 1179648K
  class space    used 20034K, committed 21248K, reserved 1048576K
}
Event: 21.951 GC heap before
{Heap before GC invocations=51 (full 0):
 garbage-first heap   total 334848K, used 291565K [0x0000000080000000, 0x0000000100000000)
  region size 1024K, 128 young (131072K), 15 survivors (15360K)
 Metaspace       used 156646K, committed 159168K, reserved 1245184K
  class space    used 21303K, committed 22592K, reserved 1048576K
}
Event: 21.965 GC heap after
{Heap after GC invocations=52 (full 0):
 garbage-first heap   total 334848K, used 183969K [0x0000000080000000, 0x0000000100000000)
  region size 1024K, 9 young (9216K), 9 survivors (9216K)
 Metaspace       used 156646K, committed 159168K, reserved 1245184K
  class space    used 21303K, committed 22592K, reserved 1048576K
}
Event: 44.278 GC heap before
{Heap before GC invocations=52 (full 0):
 garbage-first heap   total 334848K, used 332449K [0x0000000080000000, 0x0000000100000000)
  region size 1024K, 119 young (121856K), 9 survivors (9216K)
 Metaspace       used 161132K, committed 163648K, reserved 1245184K
  class space    used 21967K, committed 23232K, reserved 1048576K
}
Event: 44.282 GC heap after
{Heap after GC invocations=53 (full 0):
 garbage-first heap   total 340992K, used 178079K [0x0000000080000000, 0x0000000100000000)
  region size 1024K, 4 young (4096K), 4 survivors (4096K)
 Metaspace       used 161132K, committed 163648K, reserved 1245184K
  class space    used 21967K, committed 23232K, reserved 1048576K
}
Event: 45.016 GC heap before
{Heap before GC invocations=53 (full 0):
 garbage-first heap   total 340992K, used 306079K [0x0000000080000000, 0x0000000100000000)
  region size 1024K, 130 young (133120K), 4 survivors (4096K)
 Metaspace       used 161707K, committed 164224K, reserved 1245184K
  class space    used 21968K, committed 23232K, reserved 1048576K
}
Event: 45.025 GC heap after
{Heap after GC invocations=54 (full 0):
 garbage-first heap   total 340992K, used 193466K [0x0000000080000000, 0x0000000100000000)
  region size 1024K, 17 young (17408K), 17 survivors (17408K)
 Metaspace       used 161707K, committed 164224K, reserved 1245184K
  class space    used 21968K, committed 23232K, reserved 1048576K
}
Event: 45.732 GC heap before
{Heap before GC invocations=55 (full 0):
 garbage-first heap   total 340992K, used 309178K [0x0000000080000000, 0x0000000100000000)
  region size 1024K, 126 young (129024K), 17 survivors (17408K)
 Metaspace       used 161957K, committed 164480K, reserved 1245184K
  class space    used 21953K, committed 23232K, reserved 1048576K
}
Event: 45.739 GC heap after
{Heap after GC invocations=56 (full 0):
 garbage-first heap   total 340992K, used 198315K [0x0000000080000000, 0x0000000100000000)
  region size 1024K, 5 young (5120K), 5 survivors (5120K)
 Metaspace       used 161957K, committed 164480K, reserved 1245184K
  class space    used 21953K, committed 23232K, reserved 1048576K
}
Event: 61.815 GC heap before
{Heap before GC invocations=56 (full 0):
 garbage-first heap   total 340992K, used 339627K [0x0000000080000000, 0x0000000100000000)
  region size 1024K, 114 young (116736K), 5 survivors (5120K)
 Metaspace       used 162312K, committed 164864K, reserved 1245184K
  class space    used 21958K, committed 23232K, reserved 1048576K
}
Event: 61.823 GC heap after
{Heap after GC invocations=57 (full 0):
 garbage-first heap   total 357376K, used 191363K [0x0000000080000000, 0x0000000100000000)
  region size 1024K, 13 young (13312K), 13 survivors (13312K)
 Metaspace       used 162312K, committed 164864K, reserved 1245184K
  class space    used 21958K, committed 23232K, reserved 1048576K
}
Event: 62.011 GC heap before
{Heap before GC invocations=57 (full 0):
 garbage-first heap   total 357376K, used 228227K [0x0000000080000000, 0x0000000100000000)
  region size 1024K, 50 young (51200K), 13 survivors (13312K)
 Metaspace       used 162378K, committed 164864K, reserved 1245184K
  class space    used 21958K, committed 23232K, reserved 1048576K
}
Event: 62.017 GC heap after
{Heap after GC invocations=58 (full 0):
 garbage-first heap   total 357376K, used 195703K [0x0000000080000000, 0x0000000100000000)
  region size 1024K, 6 young (6144K), 6 survivors (6144K)
 Metaspace       used 162378K, committed 164864K, reserved 1245184K
  class space    used 21958K, committed 23232K, reserved 1048576K
}
Event: 62.824 GC heap before
{Heap before GC invocations=59 (full 0):
 garbage-first heap   total 357376K, used 355447K [0x0000000080000000, 0x0000000100000000)
  region size 1024K, 131 young (134144K), 6 survivors (6144K)
 Metaspace       used 162987K, committed 165504K, reserved 1245184K
  class space    used 21972K, committed 23232K, reserved 1048576K
}
Event: 62.827 GC heap after
{Heap after GC invocations=60 (full 0):
 garbage-first heap   total 364544K, used 194071K [0x0000000080000000, 0x0000000100000000)
  region size 1024K, 7 young (7168K), 7 survivors (7168K)
 Metaspace       used 162987K, committed 165504K, reserved 1245184K
  class space    used 21972K, committed 23232K, reserved 1048576K
}
Event: 190.209 GC heap before
{Heap before GC invocations=60 (full 0):
 garbage-first heap   total 364544K, used 338455K [0x0000000080000000, 0x0000000100000000)
  region size 1024K, 145 young (148480K), 7 survivors (7168K)
 Metaspace       used 163281K, committed 165760K, reserved 1245184K
  class space    used 21980K, committed 23232K, reserved 1048576K
}
Event: 190.223 GC heap after
{Heap after GC invocations=61 (full 0):
 garbage-first heap   total 373760K, used 183442K [0x0000000080000000, 0x0000000100000000)
  region size 1024K, 19 young (19456K), 19 survivors (19456K)
 Metaspace       used 163281K, committed 165760K, reserved 1245184K
  class space    used 21980K, committed 23232K, reserved 1048576K
}

